2023-04-26 03:49:33,969 DEBUG [main] InternalLoggerFactory:89 - Using Log4J as the default logging framework
2023-04-26 03:49:33,984 DEBUG [main] ResourceLeakDetector:129 - -Dio.netty.leakDetection.level: simple
2023-04-26 03:49:33,985 DEBUG [main] ResourceLeakDetector:130 - -Dio.netty.leakDetection.targetRecords: 4
2023-04-26 03:49:33,995 DEBUG [main] ResourceLeakDetectorFactory:196 - Loaded default ResourceLeakDetector: io.netty.util.ResourceLeakDetector@425d5d46
2023-04-26 03:49:34,092 DEBUG [main] PlatformDependent0:496 - -Dio.netty.noUnsafe: false
2023-04-26 03:49:34,094 DEBUG [main] PlatformDependent0:1000 - Java version: 11
2023-04-26 03:49:34,102 DEBUG [main] PlatformDependent0:137 - sun.misc.Unsafe.theUnsafe: available
2023-04-26 03:49:34,106 DEBUG [main] PlatformDependent0:161 - sun.misc.Unsafe.copyMemory: available
2023-04-26 03:49:34,109 DEBUG [main] PlatformDependent0:193 - sun.misc.Unsafe.storeFence: available
2023-04-26 03:49:34,111 DEBUG [main] PlatformDependent0:236 - java.nio.Buffer.address: available
2023-04-26 03:49:34,114 DEBUG [main] PlatformDependent0:320 - direct buffer constructor: unavailable: Reflective setAccessible(true) disabled
2023-04-26 03:49:34,121 DEBUG [main] PlatformDependent0:385 - java.nio.Bits.unaligned: available, true
2023-04-26 03:49:34,126 DEBUG [main] PlatformDependent0:452 - jdk.internal.misc.Unsafe.allocateUninitializedArray(int): unavailable: class io.netty.util.internal.PlatformDependent0$7 cannot access class jdk.internal.misc.Unsafe (in module java.base) because module java.base does not export jdk.internal.misc to unnamed module @2c5529ab
2023-04-26 03:49:34,139 DEBUG [main] PlatformDependent0:482 - java.nio.DirectByteBuffer.<init>(long, int): unavailable
2023-04-26 03:49:34,141 DEBUG [main] PlatformDependent:1159 - sun.misc.Unsafe: available
2023-04-26 03:49:34,151 DEBUG [main] PlatformDependent:1270 - maxDirectMemory: 1046478848 bytes (maybe)
2023-04-26 03:49:34,154 DEBUG [main] PlatformDependent:1289 - -Dio.netty.tmpdir: C:\Users\user\AppData\Local\Temp (java.io.tmpdir)
2023-04-26 03:49:34,155 DEBUG [main] PlatformDependent:1368 - -Dio.netty.bitMode: 64 (sun.arch.data.model)
2023-04-26 03:49:34,158 DEBUG [main] PlatformDependent:1119 - Platform: Windows
2023-04-26 03:49:34,162 DEBUG [main] PlatformDependent:178 - -Dio.netty.maxDirectMemory: -1 bytes
2023-04-26 03:49:34,168 DEBUG [main] PlatformDependent:185 - -Dio.netty.uninitializedArrayAllocationThreshold: -1
2023-04-26 03:49:34,173 DEBUG [main] CleanerJava9:71 - java.nio.ByteBuffer.cleaner(): available
2023-04-26 03:49:34,174 DEBUG [main] PlatformDependent:205 - -Dio.netty.noPreferDirect: false
2023-04-26 03:49:34,215 DEBUG [main] PlatformDependent:1010 - org.jctools-core.MpscChunkedArrayQueue: available
2023-04-26 03:49:34,294 DEBUG [main] InternalThreadLocalMap:100 - -Dio.netty.threadLocalMap.stringBuilder.initialSize: 1024
2023-04-26 03:49:34,296 DEBUG [main] InternalThreadLocalMap:101 - -Dio.netty.threadLocalMap.stringBuilder.maxSize: 4096
2023-04-26 03:49:34,714 DEBUG [main] JdkSslContext:83 - Default protocols (JDK): [TLSv1.3, TLSv1.2] 
2023-04-26 03:49:34,715 DEBUG [main] JdkSslContext:84 - Default cipher suites (JDK): [TLS_ECDHE_ECDSA_WITH_AES_256_GCM_SHA384, TLS_ECDHE_ECDSA_WITH_AES_128_GCM_SHA256, TLS_ECDHE_RSA_WITH_AES_128_GCM_SHA256, TLS_ECDHE_RSA_WITH_AES_256_GCM_SHA384, TLS_ECDHE_RSA_WITH_AES_128_CBC_SHA, TLS_ECDHE_RSA_WITH_AES_256_CBC_SHA, TLS_RSA_WITH_AES_128_GCM_SHA256, TLS_RSA_WITH_AES_128_CBC_SHA, TLS_RSA_WITH_AES_256_CBC_SHA, TLS_AES_128_GCM_SHA256, TLS_AES_256_GCM_SHA384]
2023-04-26 03:49:34,812 DEBUG [main] MultithreadEventLoopGroup:44 - -Dio.netty.eventLoopThreads: 8
2023-04-26 03:49:34,846 DEBUG [main] NioEventLoop:110 - -Dio.netty.noKeySetOptimization: false
2023-04-26 03:49:34,852 DEBUG [main] NioEventLoop:111 - -Dio.netty.selectorAutoRebuildThreshold: 512
2023-04-26 03:49:34,977 DEBUG [main] PooledByteBufAllocator:157 - -Dio.netty.allocator.numHeapArenas: 8
2023-04-26 03:49:34,977 DEBUG [main] PooledByteBufAllocator:158 - -Dio.netty.allocator.numDirectArenas: 8
2023-04-26 03:49:34,978 DEBUG [main] PooledByteBufAllocator:160 - -Dio.netty.allocator.pageSize: 8192
2023-04-26 03:49:34,979 DEBUG [main] PooledByteBufAllocator:165 - -Dio.netty.allocator.maxOrder: 9
2023-04-26 03:49:34,979 DEBUG [main] PooledByteBufAllocator:169 - -Dio.netty.allocator.chunkSize: 4194304
2023-04-26 03:49:34,984 DEBUG [main] PooledByteBufAllocator:170 - -Dio.netty.allocator.smallCacheSize: 256
2023-04-26 03:49:34,986 DEBUG [main] PooledByteBufAllocator:171 - -Dio.netty.allocator.normalCacheSize: 64
2023-04-26 03:49:34,986 DEBUG [main] PooledByteBufAllocator:172 - -Dio.netty.allocator.maxCachedBufferCapacity: 32768
2023-04-26 03:49:34,987 DEBUG [main] PooledByteBufAllocator:173 - -Dio.netty.allocator.cacheTrimInterval: 8192
2023-04-26 03:49:34,987 DEBUG [main] PooledByteBufAllocator:174 - -Dio.netty.allocator.cacheTrimIntervalMillis: 0
2023-04-26 03:49:34,988 DEBUG [main] PooledByteBufAllocator:175 - -Dio.netty.allocator.useCacheForAllThreads: false
2023-04-26 03:49:34,988 DEBUG [main] PooledByteBufAllocator:176 - -Dio.netty.allocator.maxCachedByteBuffersPerChunk: 1023
2023-04-26 03:49:35,011 DEBUG [main] ByteBufUtil:87 - -Dio.netty.allocator.type: pooled
2023-04-26 03:49:35,012 DEBUG [main] ByteBufUtil:96 - -Dio.netty.threadLocalDirectBufferSize: 0
2023-04-26 03:49:35,016 DEBUG [main] ByteBufUtil:99 - -Dio.netty.maxThreadLocalCharBufferSize: 16384
2023-04-26 03:49:36,150 DEBUG [Forwarding newSession on session null to remote] DefaultChannelId:79 - -Dio.netty.processId: 9288 (auto-detected)
2023-04-26 03:49:36,154 DEBUG [Forwarding newSession on session null to remote] NetUtil:142 - -Djava.net.preferIPv4Stack: false
2023-04-26 03:49:36,155 DEBUG [Forwarding newSession on session null to remote] NetUtil:143 - -Djava.net.preferIPv6Addresses: false
2023-04-26 03:49:36,510 DEBUG [Forwarding newSession on session null to remote] NetUtilInitializations:139 - Loopback interface: lo (Software Loopback Interface 1, 127.0.0.1)
2023-04-26 03:49:36,512 DEBUG [Forwarding newSession on session null to remote] NetUtil:200 - Failed to get SOMAXCONN from sysctl and file \proc\sys\net\core\somaxconn. Default: 200
2023-04-26 03:49:36,533 DEBUG [Forwarding newSession on session null to remote] DefaultChannelId:101 - -Dio.netty.machineId: 74:29:af:ff:fe:14:66:dd (auto-detected)
2023-04-26 03:49:36,668 DEBUG [AsyncHttpClient-1-2] AbstractByteBuf:63 - -Dio.netty.buffer.checkAccessible: true
2023-04-26 03:49:36,670 DEBUG [AsyncHttpClient-1-2] AbstractByteBuf:64 - -Dio.netty.buffer.checkBounds: true
2023-04-26 03:49:36,671 DEBUG [AsyncHttpClient-1-2] ResourceLeakDetectorFactory:196 - Loaded default ResourceLeakDetector: io.netty.util.ResourceLeakDetector@2484e4a1
2023-04-26 03:49:36,769 DEBUG [AsyncHttpClient-1-2] Recycler:85 - -Dio.netty.recycler.maxCapacityPerThread: 4096
2023-04-26 03:49:36,769 DEBUG [AsyncHttpClient-1-2] Recycler:86 - -Dio.netty.recycler.ratio: 8
2023-04-26 03:49:36,770 DEBUG [AsyncHttpClient-1-2] Recycler:87 - -Dio.netty.recycler.chunkSize: 32
2023-04-26 03:49:36,771 DEBUG [AsyncHttpClient-1-2] Recycler:88 - -Dio.netty.recycler.blocking: false
2023-04-26 03:49:39,249 DEBUG [AsyncHttpClient-1-2] Brotli:38 - brotli4j not in the classpath; Brotli support will be unavailable.
2023-04-26 03:49:39,595 DEBUG [main] ThreadLocalRandom:214 - -Dio.netty.initialSeedUniquifier: 0x05fb8a985231aa30
2023-04-26 03:49:39,770  INFO [main] Cucumber_Selenium_2023:34 - ************ Launching the browser*************
2023-04-26 03:49:42,110  INFO [main] Cucumber_Selenium_2023:43 - ************ Launching the https://admin-demo.nopcommerce.com/login*************
2023-04-26 03:49:42,374  INFO [main] Cucumber_Selenium_2023:51 - ************ Enetering username asadmin@yourstore.com*************
2023-04-26 03:49:42,547  INFO [main] Cucumber_Selenium_2023:53 - ************ Enetering password asadmin*************
2023-04-26 03:49:47,556  INFO [main] Cucumber_Selenium_2023:59 - ************ clicking on sign in button *************
2023-04-26 03:49:52,882  INFO [main] Cucumber_Selenium_2023:101 - ************ clicking on the customer menu *************
2023-04-26 03:50:00,862  INFO [main] Cucumber_Selenium_2023:110 - ************ clicking on the customer menu item *************
2023-04-26 03:50:09,731  INFO [main] Cucumber_Selenium_2023:119 - ************ clicking on the add new customer button *************
2023-04-26 03:50:18,172  INFO [main] Cucumber_Selenium_2023:145 - ************ customer information is added *************
2023-04-26 03:50:22,968  INFO [main] Cucumber_Selenium_2023:152 - ************ clicking on the save button *************
2023-04-26 03:50:23,612  INFO [main] Cucumber_Selenium_2023:158 - ************ Verified the successful message *************
2023-04-26 03:50:23,882  INFO [main] Cucumber_Selenium_2023:86 - ************ closing the browser *************
2023-04-26 03:50:25,951  INFO [main] Cucumber_Selenium_2023:34 - ************ Launching the browser*************
2023-04-26 03:50:27,948  INFO [main] Cucumber_Selenium_2023:43 - ************ Launching the https://admin-demo.nopcommerce.com/login*************
2023-04-26 03:50:28,174  INFO [main] Cucumber_Selenium_2023:51 - ************ Enetering username asadmin@yourstore.com*************
2023-04-26 03:50:28,333  INFO [main] Cucumber_Selenium_2023:53 - ************ Enetering password asadmin*************
2023-04-26 03:50:32,275  INFO [main] Cucumber_Selenium_2023:59 - ************ clicking on sign in button *************
2023-04-26 03:50:37,420  INFO [main] Cucumber_Selenium_2023:101 - ************ clicking on the customer menu *************
2023-04-26 03:50:44,763  INFO [main] Cucumber_Selenium_2023:110 - ************ clicking on the customer menu item *************
2023-04-26 03:50:45,306  INFO [main] Cucumber_Selenium_2023:168 - ************ Entering the email *************
2023-04-26 03:50:45,464  INFO [main] Cucumber_Selenium_2023:173 - ************ clicking the seach button *************
2023-04-26 03:50:48,860  INFO [main] Cucumber_Selenium_2023:86 - ************ closing the browser *************
2023-04-26 03:50:50,762  INFO [main] Cucumber_Selenium_2023:34 - ************ Launching the browser*************
2023-04-26 03:50:53,122  INFO [main] Cucumber_Selenium_2023:43 - ************ Launching the https://admin-demo.nopcommerce.com/login*************
2023-04-26 03:50:53,428  INFO [main] Cucumber_Selenium_2023:51 - ************ Enetering username asadmin@yourstore.com*************
2023-04-26 03:50:53,715  INFO [main] Cucumber_Selenium_2023:53 - ************ Enetering password asadmin*************
2023-04-26 03:50:58,574  INFO [main] Cucumber_Selenium_2023:59 - ************ clicking on sign in button *************
2023-04-26 03:51:03,758  INFO [main] Cucumber_Selenium_2023:101 - ************ clicking on the customer menu *************
2023-04-26 03:51:10,920  INFO [main] Cucumber_Selenium_2023:110 - ************ clicking on the customer menu item *************
2023-04-26 03:51:11,336  INFO [main] Cucumber_Selenium_2023:188 - ************ Entering the firstname *************
2023-04-26 03:51:11,598  INFO [main] Cucumber_Selenium_2023:194 - ************ Entering the lastname *************
2023-04-26 03:51:11,828  INFO [main] Cucumber_Selenium_2023:173 - ************ clicking the seach button *************
2023-04-26 03:51:15,730  INFO [main] Cucumber_Selenium_2023:86 - ************ closing the browser *************
2023-04-26 04:06:44,009 DEBUG [main] InternalLoggerFactory:89 - Using Log4J as the default logging framework
2023-04-26 04:06:44,062 DEBUG [main] ResourceLeakDetector:129 - -Dio.netty.leakDetection.level: simple
2023-04-26 04:06:44,063 DEBUG [main] ResourceLeakDetector:130 - -Dio.netty.leakDetection.targetRecords: 4
2023-04-26 04:06:44,073 DEBUG [main] ResourceLeakDetectorFactory:196 - Loaded default ResourceLeakDetector: io.netty.util.ResourceLeakDetector@76d05cc9
2023-04-26 04:06:44,114 DEBUG [main] PlatformDependent0:496 - -Dio.netty.noUnsafe: false
2023-04-26 04:06:44,115 DEBUG [main] PlatformDependent0:1000 - Java version: 11
2023-04-26 04:06:44,118 DEBUG [main] PlatformDependent0:137 - sun.misc.Unsafe.theUnsafe: available
2023-04-26 04:06:44,120 DEBUG [main] PlatformDependent0:161 - sun.misc.Unsafe.copyMemory: available
2023-04-26 04:06:44,121 DEBUG [main] PlatformDependent0:193 - sun.misc.Unsafe.storeFence: available
2023-04-26 04:06:44,123 DEBUG [main] PlatformDependent0:236 - java.nio.Buffer.address: available
2023-04-26 04:06:44,124 DEBUG [main] PlatformDependent0:320 - direct buffer constructor: unavailable: Reflective setAccessible(true) disabled
2023-04-26 04:06:44,126 DEBUG [main] PlatformDependent0:385 - java.nio.Bits.unaligned: available, true
2023-04-26 04:06:44,129 DEBUG [main] PlatformDependent0:452 - jdk.internal.misc.Unsafe.allocateUninitializedArray(int): unavailable: class io.netty.util.internal.PlatformDependent0$7 cannot access class jdk.internal.misc.Unsafe (in module java.base) because module java.base does not export jdk.internal.misc to unnamed module @1189dd52
2023-04-26 04:06:44,132 DEBUG [main] PlatformDependent0:482 - java.nio.DirectByteBuffer.<init>(long, int): unavailable
2023-04-26 04:06:44,133 DEBUG [main] PlatformDependent:1159 - sun.misc.Unsafe: available
2023-04-26 04:06:44,162 DEBUG [main] PlatformDependent:1270 - maxDirectMemory: 1046478848 bytes (maybe)
2023-04-26 04:06:44,165 DEBUG [main] PlatformDependent:1289 - -Dio.netty.tmpdir: C:\Users\user\AppData\Local\Temp (java.io.tmpdir)
2023-04-26 04:06:44,165 DEBUG [main] PlatformDependent:1368 - -Dio.netty.bitMode: 64 (sun.arch.data.model)
2023-04-26 04:06:44,166 DEBUG [main] PlatformDependent:1119 - Platform: Windows
2023-04-26 04:06:44,168 DEBUG [main] PlatformDependent:178 - -Dio.netty.maxDirectMemory: -1 bytes
2023-04-26 04:06:44,169 DEBUG [main] PlatformDependent:185 - -Dio.netty.uninitializedArrayAllocationThreshold: -1
2023-04-26 04:06:44,172 DEBUG [main] CleanerJava9:71 - java.nio.ByteBuffer.cleaner(): available
2023-04-26 04:06:44,172 DEBUG [main] PlatformDependent:205 - -Dio.netty.noPreferDirect: false
2023-04-26 04:06:44,187 DEBUG [main] PlatformDependent:1010 - org.jctools-core.MpscChunkedArrayQueue: available
2023-04-26 04:06:44,238 DEBUG [main] InternalThreadLocalMap:100 - -Dio.netty.threadLocalMap.stringBuilder.initialSize: 1024
2023-04-26 04:06:44,238 DEBUG [main] InternalThreadLocalMap:101 - -Dio.netty.threadLocalMap.stringBuilder.maxSize: 4096
2023-04-26 04:06:44,607 DEBUG [main] JdkSslContext:83 - Default protocols (JDK): [TLSv1.3, TLSv1.2] 
2023-04-26 04:06:44,608 DEBUG [main] JdkSslContext:84 - Default cipher suites (JDK): [TLS_ECDHE_ECDSA_WITH_AES_256_GCM_SHA384, TLS_ECDHE_ECDSA_WITH_AES_128_GCM_SHA256, TLS_ECDHE_RSA_WITH_AES_128_GCM_SHA256, TLS_ECDHE_RSA_WITH_AES_256_GCM_SHA384, TLS_ECDHE_RSA_WITH_AES_128_CBC_SHA, TLS_ECDHE_RSA_WITH_AES_256_CBC_SHA, TLS_RSA_WITH_AES_128_GCM_SHA256, TLS_RSA_WITH_AES_128_CBC_SHA, TLS_RSA_WITH_AES_256_CBC_SHA, TLS_AES_128_GCM_SHA256, TLS_AES_256_GCM_SHA384]
2023-04-26 04:06:44,669 DEBUG [main] MultithreadEventLoopGroup:44 - -Dio.netty.eventLoopThreads: 8
2023-04-26 04:06:44,690 DEBUG [main] NioEventLoop:110 - -Dio.netty.noKeySetOptimization: false
2023-04-26 04:06:44,690 DEBUG [main] NioEventLoop:111 - -Dio.netty.selectorAutoRebuildThreshold: 512
2023-04-26 04:06:44,776 DEBUG [main] PooledByteBufAllocator:157 - -Dio.netty.allocator.numHeapArenas: 8
2023-04-26 04:06:44,776 DEBUG [main] PooledByteBufAllocator:158 - -Dio.netty.allocator.numDirectArenas: 8
2023-04-26 04:06:44,777 DEBUG [main] PooledByteBufAllocator:160 - -Dio.netty.allocator.pageSize: 8192
2023-04-26 04:06:44,777 DEBUG [main] PooledByteBufAllocator:165 - -Dio.netty.allocator.maxOrder: 9
2023-04-26 04:06:44,778 DEBUG [main] PooledByteBufAllocator:169 - -Dio.netty.allocator.chunkSize: 4194304
2023-04-26 04:06:44,779 DEBUG [main] PooledByteBufAllocator:170 - -Dio.netty.allocator.smallCacheSize: 256
2023-04-26 04:06:44,780 DEBUG [main] PooledByteBufAllocator:171 - -Dio.netty.allocator.normalCacheSize: 64
2023-04-26 04:06:44,780 DEBUG [main] PooledByteBufAllocator:172 - -Dio.netty.allocator.maxCachedBufferCapacity: 32768
2023-04-26 04:06:44,781 DEBUG [main] PooledByteBufAllocator:173 - -Dio.netty.allocator.cacheTrimInterval: 8192
2023-04-26 04:06:44,782 DEBUG [main] PooledByteBufAllocator:174 - -Dio.netty.allocator.cacheTrimIntervalMillis: 0
2023-04-26 04:06:44,783 DEBUG [main] PooledByteBufAllocator:175 - -Dio.netty.allocator.useCacheForAllThreads: false
2023-04-26 04:06:44,784 DEBUG [main] PooledByteBufAllocator:176 - -Dio.netty.allocator.maxCachedByteBuffersPerChunk: 1023
2023-04-26 04:06:44,811 DEBUG [main] ByteBufUtil:87 - -Dio.netty.allocator.type: pooled
2023-04-26 04:06:44,812 DEBUG [main] ByteBufUtil:96 - -Dio.netty.threadLocalDirectBufferSize: 0
2023-04-26 04:06:44,812 DEBUG [main] ByteBufUtil:99 - -Dio.netty.maxThreadLocalCharBufferSize: 16384
2023-04-26 04:06:45,536 DEBUG [Forwarding newSession on session null to remote] DefaultChannelId:79 - -Dio.netty.processId: 2832 (auto-detected)
2023-04-26 04:06:45,541 DEBUG [Forwarding newSession on session null to remote] NetUtil:142 - -Djava.net.preferIPv4Stack: false
2023-04-26 04:06:45,542 DEBUG [Forwarding newSession on session null to remote] NetUtil:143 - -Djava.net.preferIPv6Addresses: false
2023-04-26 04:06:45,855 DEBUG [Forwarding newSession on session null to remote] NetUtilInitializations:139 - Loopback interface: lo (Software Loopback Interface 1, 127.0.0.1)
2023-04-26 04:06:45,858 DEBUG [Forwarding newSession on session null to remote] NetUtil:200 - Failed to get SOMAXCONN from sysctl and file \proc\sys\net\core\somaxconn. Default: 200
2023-04-26 04:06:45,883 DEBUG [Forwarding newSession on session null to remote] DefaultChannelId:101 - -Dio.netty.machineId: 74:29:af:ff:fe:14:66:dd (auto-detected)
2023-04-26 04:06:46,034 DEBUG [AsyncHttpClient-1-2] AbstractByteBuf:63 - -Dio.netty.buffer.checkAccessible: true
2023-04-26 04:06:46,036 DEBUG [AsyncHttpClient-1-2] AbstractByteBuf:64 - -Dio.netty.buffer.checkBounds: true
2023-04-26 04:06:46,037 DEBUG [AsyncHttpClient-1-2] ResourceLeakDetectorFactory:196 - Loaded default ResourceLeakDetector: io.netty.util.ResourceLeakDetector@2c3421d9
2023-04-26 04:06:46,082 DEBUG [AsyncHttpClient-1-2] Recycler:85 - -Dio.netty.recycler.maxCapacityPerThread: 4096
2023-04-26 04:06:46,082 DEBUG [AsyncHttpClient-1-2] Recycler:86 - -Dio.netty.recycler.ratio: 8
2023-04-26 04:06:46,083 DEBUG [AsyncHttpClient-1-2] Recycler:87 - -Dio.netty.recycler.chunkSize: 32
2023-04-26 04:06:46,083 DEBUG [AsyncHttpClient-1-2] Recycler:88 - -Dio.netty.recycler.blocking: false
2023-04-26 04:06:48,272 DEBUG [AsyncHttpClient-1-2] Brotli:38 - brotli4j not in the classpath; Brotli support will be unavailable.
2023-04-26 04:06:48,562 DEBUG [main] ThreadLocalRandom:214 - -Dio.netty.initialSeedUniquifier: 0x5c00d5543f268968
2023-04-26 04:06:48,720  INFO [main] Cucumber_Selenium_2023:34 - ************ Launching the browser*************
2023-04-26 04:06:50,843  INFO [main] Cucumber_Selenium_2023:43 - ************ Launching the https://admin-demo.nopcommerce.com/login*************
2023-04-26 04:06:51,131  INFO [main] Cucumber_Selenium_2023:51 - ************ Enetering username asadmin@yourstore.com*************
2023-04-26 04:06:51,336  INFO [main] Cucumber_Selenium_2023:53 - ************ Enetering password asadmin*************
2023-04-26 04:06:55,862  INFO [main] Cucumber_Selenium_2023:59 - ************ clicking on sign in button *************
2023-04-26 04:07:01,064  INFO [main] Cucumber_Selenium_2023:101 - ************ clicking on the customer menu *************
2023-04-26 04:07:08,080  INFO [main] Cucumber_Selenium_2023:110 - ************ clicking on the customer menu item *************
2023-04-26 04:07:08,695  INFO [main] Cucumber_Selenium_2023:168 - ************ Entering the email *************
2023-04-26 04:07:08,917  INFO [main] Cucumber_Selenium_2023:173 - ************ clicking the seach button *************
2023-04-26 04:07:12,383  INFO [main] Cucumber_Selenium_2023:86 - ************ closing the browser *************
2023-04-26 04:16:02,956 DEBUG [main] InternalLoggerFactory:89 - Using Log4J as the default logging framework
2023-04-26 04:16:03,032 DEBUG [main] ResourceLeakDetector:129 - -Dio.netty.leakDetection.level: simple
2023-04-26 04:16:03,033 DEBUG [main] ResourceLeakDetector:130 - -Dio.netty.leakDetection.targetRecords: 4
2023-04-26 04:16:03,049 DEBUG [main] ResourceLeakDetectorFactory:196 - Loaded default ResourceLeakDetector: io.netty.util.ResourceLeakDetector@52fc5eb1
2023-04-26 04:16:03,112 DEBUG [main] PlatformDependent0:496 - -Dio.netty.noUnsafe: false
2023-04-26 04:16:03,114 DEBUG [main] PlatformDependent0:1000 - Java version: 11
2023-04-26 04:16:03,122 DEBUG [main] PlatformDependent0:137 - sun.misc.Unsafe.theUnsafe: available
2023-04-26 04:16:03,124 DEBUG [main] PlatformDependent0:161 - sun.misc.Unsafe.copyMemory: available
2023-04-26 04:16:03,127 DEBUG [main] PlatformDependent0:193 - sun.misc.Unsafe.storeFence: available
2023-04-26 04:16:03,130 DEBUG [main] PlatformDependent0:236 - java.nio.Buffer.address: available
2023-04-26 04:16:03,133 DEBUG [main] PlatformDependent0:320 - direct buffer constructor: unavailable: Reflective setAccessible(true) disabled
2023-04-26 04:16:03,136 DEBUG [main] PlatformDependent0:385 - java.nio.Bits.unaligned: available, true
2023-04-26 04:16:03,141 DEBUG [main] PlatformDependent0:452 - jdk.internal.misc.Unsafe.allocateUninitializedArray(int): unavailable: class io.netty.util.internal.PlatformDependent0$7 cannot access class jdk.internal.misc.Unsafe (in module java.base) because module java.base does not export jdk.internal.misc to unnamed module @2c5529ab
2023-04-26 04:16:03,146 DEBUG [main] PlatformDependent0:482 - java.nio.DirectByteBuffer.<init>(long, int): unavailable
2023-04-26 04:16:03,147 DEBUG [main] PlatformDependent:1159 - sun.misc.Unsafe: available
2023-04-26 04:16:03,153 DEBUG [main] PlatformDependent:1270 - maxDirectMemory: 1046478848 bytes (maybe)
2023-04-26 04:16:03,156 DEBUG [main] PlatformDependent:1289 - -Dio.netty.tmpdir: C:\Users\user\AppData\Local\Temp (java.io.tmpdir)
2023-04-26 04:16:03,157 DEBUG [main] PlatformDependent:1368 - -Dio.netty.bitMode: 64 (sun.arch.data.model)
2023-04-26 04:16:03,158 DEBUG [main] PlatformDependent:1119 - Platform: Windows
2023-04-26 04:16:03,161 DEBUG [main] PlatformDependent:178 - -Dio.netty.maxDirectMemory: -1 bytes
2023-04-26 04:16:03,162 DEBUG [main] PlatformDependent:185 - -Dio.netty.uninitializedArrayAllocationThreshold: -1
2023-04-26 04:16:03,164 DEBUG [main] CleanerJava9:71 - java.nio.ByteBuffer.cleaner(): available
2023-04-26 04:16:03,167 DEBUG [main] PlatformDependent:205 - -Dio.netty.noPreferDirect: false
2023-04-26 04:16:03,201 DEBUG [main] PlatformDependent:1010 - org.jctools-core.MpscChunkedArrayQueue: available
2023-04-26 04:16:03,381 DEBUG [main] InternalThreadLocalMap:100 - -Dio.netty.threadLocalMap.stringBuilder.initialSize: 1024
2023-04-26 04:16:03,382 DEBUG [main] InternalThreadLocalMap:101 - -Dio.netty.threadLocalMap.stringBuilder.maxSize: 4096
2023-04-26 04:16:03,865 DEBUG [main] JdkSslContext:83 - Default protocols (JDK): [TLSv1.3, TLSv1.2] 
2023-04-26 04:16:03,866 DEBUG [main] JdkSslContext:84 - Default cipher suites (JDK): [TLS_ECDHE_ECDSA_WITH_AES_256_GCM_SHA384, TLS_ECDHE_ECDSA_WITH_AES_128_GCM_SHA256, TLS_ECDHE_RSA_WITH_AES_128_GCM_SHA256, TLS_ECDHE_RSA_WITH_AES_256_GCM_SHA384, TLS_ECDHE_RSA_WITH_AES_128_CBC_SHA, TLS_ECDHE_RSA_WITH_AES_256_CBC_SHA, TLS_RSA_WITH_AES_128_GCM_SHA256, TLS_RSA_WITH_AES_128_CBC_SHA, TLS_RSA_WITH_AES_256_CBC_SHA, TLS_AES_128_GCM_SHA256, TLS_AES_256_GCM_SHA384]
2023-04-26 04:16:03,925 DEBUG [main] MultithreadEventLoopGroup:44 - -Dio.netty.eventLoopThreads: 8
2023-04-26 04:16:03,965 DEBUG [main] NioEventLoop:110 - -Dio.netty.noKeySetOptimization: false
2023-04-26 04:16:03,968 DEBUG [main] NioEventLoop:111 - -Dio.netty.selectorAutoRebuildThreshold: 512
2023-04-26 04:16:04,064 DEBUG [main] PooledByteBufAllocator:157 - -Dio.netty.allocator.numHeapArenas: 8
2023-04-26 04:16:04,064 DEBUG [main] PooledByteBufAllocator:158 - -Dio.netty.allocator.numDirectArenas: 8
2023-04-26 04:16:04,065 DEBUG [main] PooledByteBufAllocator:160 - -Dio.netty.allocator.pageSize: 8192
2023-04-26 04:16:04,067 DEBUG [main] PooledByteBufAllocator:165 - -Dio.netty.allocator.maxOrder: 9
2023-04-26 04:16:04,071 DEBUG [main] PooledByteBufAllocator:169 - -Dio.netty.allocator.chunkSize: 4194304
2023-04-26 04:16:04,072 DEBUG [main] PooledByteBufAllocator:170 - -Dio.netty.allocator.smallCacheSize: 256
2023-04-26 04:16:04,072 DEBUG [main] PooledByteBufAllocator:171 - -Dio.netty.allocator.normalCacheSize: 64
2023-04-26 04:16:04,073 DEBUG [main] PooledByteBufAllocator:172 - -Dio.netty.allocator.maxCachedBufferCapacity: 32768
2023-04-26 04:16:04,073 DEBUG [main] PooledByteBufAllocator:173 - -Dio.netty.allocator.cacheTrimInterval: 8192
2023-04-26 04:16:04,074 DEBUG [main] PooledByteBufAllocator:174 - -Dio.netty.allocator.cacheTrimIntervalMillis: 0
2023-04-26 04:16:04,075 DEBUG [main] PooledByteBufAllocator:175 - -Dio.netty.allocator.useCacheForAllThreads: false
2023-04-26 04:16:04,075 DEBUG [main] PooledByteBufAllocator:176 - -Dio.netty.allocator.maxCachedByteBuffersPerChunk: 1023
2023-04-26 04:16:04,104 DEBUG [main] ByteBufUtil:87 - -Dio.netty.allocator.type: pooled
2023-04-26 04:16:04,105 DEBUG [main] ByteBufUtil:96 - -Dio.netty.threadLocalDirectBufferSize: 0
2023-04-26 04:16:04,105 DEBUG [main] ByteBufUtil:99 - -Dio.netty.maxThreadLocalCharBufferSize: 16384
2023-04-26 04:16:05,629 DEBUG [Forwarding newSession on session null to remote] DefaultChannelId:79 - -Dio.netty.processId: 808 (auto-detected)
2023-04-26 04:16:05,636 DEBUG [Forwarding newSession on session null to remote] NetUtil:142 - -Djava.net.preferIPv4Stack: false
2023-04-26 04:16:05,637 DEBUG [Forwarding newSession on session null to remote] NetUtil:143 - -Djava.net.preferIPv6Addresses: false
2023-04-26 04:16:05,957 DEBUG [Forwarding newSession on session null to remote] NetUtilInitializations:139 - Loopback interface: lo (Software Loopback Interface 1, 127.0.0.1)
2023-04-26 04:16:05,964 DEBUG [Forwarding newSession on session null to remote] NetUtil:200 - Failed to get SOMAXCONN from sysctl and file \proc\sys\net\core\somaxconn. Default: 200
2023-04-26 04:16:06,003 DEBUG [Forwarding newSession on session null to remote] DefaultChannelId:101 - -Dio.netty.machineId: 74:29:af:ff:fe:14:66:dd (auto-detected)
2023-04-26 04:16:06,270 DEBUG [AsyncHttpClient-1-2] AbstractByteBuf:63 - -Dio.netty.buffer.checkAccessible: true
2023-04-26 04:16:06,276 DEBUG [AsyncHttpClient-1-2] AbstractByteBuf:64 - -Dio.netty.buffer.checkBounds: true
2023-04-26 04:16:06,294 DEBUG [AsyncHttpClient-1-2] ResourceLeakDetectorFactory:196 - Loaded default ResourceLeakDetector: io.netty.util.ResourceLeakDetector@5f854700
2023-04-26 04:16:06,607 DEBUG [AsyncHttpClient-1-2] Recycler:85 - -Dio.netty.recycler.maxCapacityPerThread: 4096
2023-04-26 04:16:06,608 DEBUG [AsyncHttpClient-1-2] Recycler:86 - -Dio.netty.recycler.ratio: 8
2023-04-26 04:16:06,608 DEBUG [AsyncHttpClient-1-2] Recycler:87 - -Dio.netty.recycler.chunkSize: 32
2023-04-26 04:16:06,609 DEBUG [AsyncHttpClient-1-2] Recycler:88 - -Dio.netty.recycler.blocking: false
2023-04-26 04:16:09,942 DEBUG [AsyncHttpClient-1-2] Brotli:38 - brotli4j not in the classpath; Brotli support will be unavailable.
2023-04-26 04:16:10,263 DEBUG [main] ThreadLocalRandom:214 - -Dio.netty.initialSeedUniquifier: 0x717e6e96b6e4a0dd
2023-04-26 04:16:10,486  INFO [main] Cucumber_Selenium_2023:34 - ************ Launching the browser*************
2023-04-26 04:16:13,484  INFO [main] Cucumber_Selenium_2023:43 - ************ Launching the https://admin-demo.nopcommerce.com/login*************
2023-04-26 04:16:13,855  INFO [main] Cucumber_Selenium_2023:51 - ************ Enetering username asadmin@yourstore.com*************
2023-04-26 04:16:14,078  INFO [main] Cucumber_Selenium_2023:53 - ************ Enetering password asadmin*************
2023-04-26 04:16:19,783  INFO [main] Cucumber_Selenium_2023:59 - ************ clicking on sign in button *************
2023-04-26 04:16:25,213  INFO [main] Cucumber_Selenium_2023:101 - ************ clicking on the customer menu *************
2023-04-26 04:16:33,050  INFO [main] Cucumber_Selenium_2023:110 - ************ clicking on the customer menu item *************
2023-04-26 04:16:46,914  INFO [main] Cucumber_Selenium_2023:119 - ************ clicking on the add new customer button *************
2023-04-26 04:16:55,202  INFO [main] Cucumber_Selenium_2023:145 - ************ customer information is added *************
2023-04-26 04:17:01,791  INFO [main] Cucumber_Selenium_2023:152 - ************ clicking on the save button *************
2023-04-26 04:17:02,187  INFO [main] Cucumber_Selenium_2023:158 - ************ Verified the successful message *************
2023-04-26 04:17:02,431  INFO [main] Cucumber_Selenium_2023:86 - ************ closing the browser *************
2023-04-26 04:17:04,468  INFO [main] Cucumber_Selenium_2023:34 - ************ Launching the browser*************
2023-04-26 04:17:05,902  INFO [main] Cucumber_Selenium_2023:43 - ************ Launching the https://admin-demo.nopcommerce.com/login*************
2023-04-26 04:17:06,272  INFO [main] Cucumber_Selenium_2023:51 - ************ Enetering username asadmin@yourstore.com*************
2023-04-26 04:17:06,450  INFO [main] Cucumber_Selenium_2023:53 - ************ Enetering password asadmin*************
2023-04-26 04:17:11,514  INFO [main] Cucumber_Selenium_2023:59 - ************ clicking on sign in button *************
2023-04-26 04:17:16,690  INFO [main] Cucumber_Selenium_2023:101 - ************ clicking on the customer menu *************
2023-04-26 04:17:23,795  INFO [main] Cucumber_Selenium_2023:110 - ************ clicking on the customer menu item *************
2023-04-26 04:17:24,272  INFO [main] Cucumber_Selenium_2023:168 - ************ Entering the email *************
2023-04-26 04:17:24,526  INFO [main] Cucumber_Selenium_2023:173 - ************ clicking the seach button *************
2023-04-26 04:17:27,925  INFO [main] Cucumber_Selenium_2023:86 - ************ closing the browser *************
2023-04-26 04:17:29,735  INFO [main] Cucumber_Selenium_2023:34 - ************ Launching the browser*************
2023-04-26 04:17:31,719  INFO [main] Cucumber_Selenium_2023:43 - ************ Launching the https://admin-demo.nopcommerce.com/login*************
2023-04-26 04:17:31,915  INFO [main] Cucumber_Selenium_2023:51 - ************ Enetering username asadmin@yourstore.com*************
2023-04-26 04:17:32,070  INFO [main] Cucumber_Selenium_2023:53 - ************ Enetering password asadmin*************
2023-04-26 04:17:36,297  INFO [main] Cucumber_Selenium_2023:59 - ************ clicking on sign in button *************
2023-04-26 04:17:41,424  INFO [main] Cucumber_Selenium_2023:101 - ************ clicking on the customer menu *************
2023-04-26 04:17:49,181  INFO [main] Cucumber_Selenium_2023:110 - ************ clicking on the customer menu item *************
2023-04-26 04:17:49,472  INFO [main] Cucumber_Selenium_2023:188 - ************ Entering the firstname *************
2023-04-26 04:17:49,716  INFO [main] Cucumber_Selenium_2023:194 - ************ Entering the lastname *************
2023-04-26 04:17:49,878  INFO [main] Cucumber_Selenium_2023:173 - ************ clicking the seach button *************
2023-04-26 04:17:53,172  INFO [main] Cucumber_Selenium_2023:86 - ************ closing the browser *************
2023-04-26 04:21:33,690 DEBUG [main] InternalLoggerFactory:89 - Using Log4J as the default logging framework
2023-04-26 04:21:33,719 DEBUG [main] ResourceLeakDetector:129 - -Dio.netty.leakDetection.level: simple
2023-04-26 04:21:33,720 DEBUG [main] ResourceLeakDetector:130 - -Dio.netty.leakDetection.targetRecords: 4
2023-04-26 04:21:33,732 DEBUG [main] ResourceLeakDetectorFactory:196 - Loaded default ResourceLeakDetector: io.netty.util.ResourceLeakDetector@52fc5eb1
2023-04-26 04:21:33,766 DEBUG [main] PlatformDependent0:496 - -Dio.netty.noUnsafe: false
2023-04-26 04:21:33,768 DEBUG [main] PlatformDependent0:1000 - Java version: 11
2023-04-26 04:21:33,771 DEBUG [main] PlatformDependent0:137 - sun.misc.Unsafe.theUnsafe: available
2023-04-26 04:21:33,773 DEBUG [main] PlatformDependent0:161 - sun.misc.Unsafe.copyMemory: available
2023-04-26 04:21:33,774 DEBUG [main] PlatformDependent0:193 - sun.misc.Unsafe.storeFence: available
2023-04-26 04:21:33,775 DEBUG [main] PlatformDependent0:236 - java.nio.Buffer.address: available
2023-04-26 04:21:33,776 DEBUG [main] PlatformDependent0:320 - direct buffer constructor: unavailable: Reflective setAccessible(true) disabled
2023-04-26 04:21:33,778 DEBUG [main] PlatformDependent0:385 - java.nio.Bits.unaligned: available, true
2023-04-26 04:21:33,780 DEBUG [main] PlatformDependent0:452 - jdk.internal.misc.Unsafe.allocateUninitializedArray(int): unavailable: class io.netty.util.internal.PlatformDependent0$7 cannot access class jdk.internal.misc.Unsafe (in module java.base) because module java.base does not export jdk.internal.misc to unnamed module @2c5529ab
2023-04-26 04:21:33,783 DEBUG [main] PlatformDependent0:482 - java.nio.DirectByteBuffer.<init>(long, int): unavailable
2023-04-26 04:21:33,783 DEBUG [main] PlatformDependent:1159 - sun.misc.Unsafe: available
2023-04-26 04:21:33,785 DEBUG [main] PlatformDependent:1270 - maxDirectMemory: 1046478848 bytes (maybe)
2023-04-26 04:21:33,787 DEBUG [main] PlatformDependent:1289 - -Dio.netty.tmpdir: C:\Users\user\AppData\Local\Temp (java.io.tmpdir)
2023-04-26 04:21:33,788 DEBUG [main] PlatformDependent:1368 - -Dio.netty.bitMode: 64 (sun.arch.data.model)
2023-04-26 04:21:33,789 DEBUG [main] PlatformDependent:1119 - Platform: Windows
2023-04-26 04:21:33,790 DEBUG [main] PlatformDependent:178 - -Dio.netty.maxDirectMemory: -1 bytes
2023-04-26 04:21:33,791 DEBUG [main] PlatformDependent:185 - -Dio.netty.uninitializedArrayAllocationThreshold: -1
2023-04-26 04:21:33,793 DEBUG [main] CleanerJava9:71 - java.nio.ByteBuffer.cleaner(): available
2023-04-26 04:21:33,794 DEBUG [main] PlatformDependent:205 - -Dio.netty.noPreferDirect: false
2023-04-26 04:21:33,875 DEBUG [main] PlatformDependent:1010 - org.jctools-core.MpscChunkedArrayQueue: available
2023-04-26 04:21:33,936 DEBUG [main] InternalThreadLocalMap:100 - -Dio.netty.threadLocalMap.stringBuilder.initialSize: 1024
2023-04-26 04:21:33,937 DEBUG [main] InternalThreadLocalMap:101 - -Dio.netty.threadLocalMap.stringBuilder.maxSize: 4096
2023-04-26 04:21:34,271 DEBUG [main] JdkSslContext:83 - Default protocols (JDK): [TLSv1.3, TLSv1.2] 
2023-04-26 04:21:34,272 DEBUG [main] JdkSslContext:84 - Default cipher suites (JDK): [TLS_ECDHE_ECDSA_WITH_AES_256_GCM_SHA384, TLS_ECDHE_ECDSA_WITH_AES_128_GCM_SHA256, TLS_ECDHE_RSA_WITH_AES_128_GCM_SHA256, TLS_ECDHE_RSA_WITH_AES_256_GCM_SHA384, TLS_ECDHE_RSA_WITH_AES_128_CBC_SHA, TLS_ECDHE_RSA_WITH_AES_256_CBC_SHA, TLS_RSA_WITH_AES_128_GCM_SHA256, TLS_RSA_WITH_AES_128_CBC_SHA, TLS_RSA_WITH_AES_256_CBC_SHA, TLS_AES_128_GCM_SHA256, TLS_AES_256_GCM_SHA384]
2023-04-26 04:21:34,320 DEBUG [main] MultithreadEventLoopGroup:44 - -Dio.netty.eventLoopThreads: 8
2023-04-26 04:21:34,343 DEBUG [main] NioEventLoop:110 - -Dio.netty.noKeySetOptimization: false
2023-04-26 04:21:34,344 DEBUG [main] NioEventLoop:111 - -Dio.netty.selectorAutoRebuildThreshold: 512
2023-04-26 04:21:34,427 DEBUG [main] PooledByteBufAllocator:157 - -Dio.netty.allocator.numHeapArenas: 8
2023-04-26 04:21:34,427 DEBUG [main] PooledByteBufAllocator:158 - -Dio.netty.allocator.numDirectArenas: 8
2023-04-26 04:21:34,428 DEBUG [main] PooledByteBufAllocator:160 - -Dio.netty.allocator.pageSize: 8192
2023-04-26 04:21:34,428 DEBUG [main] PooledByteBufAllocator:165 - -Dio.netty.allocator.maxOrder: 9
2023-04-26 04:21:34,429 DEBUG [main] PooledByteBufAllocator:169 - -Dio.netty.allocator.chunkSize: 4194304
2023-04-26 04:21:34,429 DEBUG [main] PooledByteBufAllocator:170 - -Dio.netty.allocator.smallCacheSize: 256
2023-04-26 04:21:34,430 DEBUG [main] PooledByteBufAllocator:171 - -Dio.netty.allocator.normalCacheSize: 64
2023-04-26 04:21:34,430 DEBUG [main] PooledByteBufAllocator:172 - -Dio.netty.allocator.maxCachedBufferCapacity: 32768
2023-04-26 04:21:34,430 DEBUG [main] PooledByteBufAllocator:173 - -Dio.netty.allocator.cacheTrimInterval: 8192
2023-04-26 04:21:34,431 DEBUG [main] PooledByteBufAllocator:174 - -Dio.netty.allocator.cacheTrimIntervalMillis: 0
2023-04-26 04:21:34,431 DEBUG [main] PooledByteBufAllocator:175 - -Dio.netty.allocator.useCacheForAllThreads: false
2023-04-26 04:21:34,432 DEBUG [main] PooledByteBufAllocator:176 - -Dio.netty.allocator.maxCachedByteBuffersPerChunk: 1023
2023-04-26 04:21:34,453 DEBUG [main] ByteBufUtil:87 - -Dio.netty.allocator.type: pooled
2023-04-26 04:21:34,454 DEBUG [main] ByteBufUtil:96 - -Dio.netty.threadLocalDirectBufferSize: 0
2023-04-26 04:21:34,454 DEBUG [main] ByteBufUtil:99 - -Dio.netty.maxThreadLocalCharBufferSize: 16384
2023-04-26 04:21:35,285 DEBUG [Forwarding newSession on session null to remote] DefaultChannelId:79 - -Dio.netty.processId: 1724 (auto-detected)
2023-04-26 04:21:35,291 DEBUG [Forwarding newSession on session null to remote] NetUtil:142 - -Djava.net.preferIPv4Stack: false
2023-04-26 04:21:35,291 DEBUG [Forwarding newSession on session null to remote] NetUtil:143 - -Djava.net.preferIPv6Addresses: false
2023-04-26 04:21:35,698 DEBUG [Forwarding newSession on session null to remote] NetUtilInitializations:139 - Loopback interface: lo (Software Loopback Interface 1, 127.0.0.1)
2023-04-26 04:21:35,705 DEBUG [Forwarding newSession on session null to remote] NetUtil:200 - Failed to get SOMAXCONN from sysctl and file \proc\sys\net\core\somaxconn. Default: 200
2023-04-26 04:21:35,735 DEBUG [Forwarding newSession on session null to remote] DefaultChannelId:101 - -Dio.netty.machineId: 74:29:af:ff:fe:14:66:dd (auto-detected)
2023-04-26 04:21:35,930 DEBUG [AsyncHttpClient-1-2] AbstractByteBuf:63 - -Dio.netty.buffer.checkAccessible: true
2023-04-26 04:21:35,934 DEBUG [AsyncHttpClient-1-2] AbstractByteBuf:64 - -Dio.netty.buffer.checkBounds: true
2023-04-26 04:21:35,935 DEBUG [AsyncHttpClient-1-2] ResourceLeakDetectorFactory:196 - Loaded default ResourceLeakDetector: io.netty.util.ResourceLeakDetector@15405c48
2023-04-26 04:21:36,031 DEBUG [AsyncHttpClient-1-2] Recycler:85 - -Dio.netty.recycler.maxCapacityPerThread: 4096
2023-04-26 04:21:36,032 DEBUG [AsyncHttpClient-1-2] Recycler:86 - -Dio.netty.recycler.ratio: 8
2023-04-26 04:21:36,036 DEBUG [AsyncHttpClient-1-2] Recycler:87 - -Dio.netty.recycler.chunkSize: 32
2023-04-26 04:21:36,038 DEBUG [AsyncHttpClient-1-2] Recycler:88 - -Dio.netty.recycler.blocking: false
2023-04-26 04:21:39,043 DEBUG [AsyncHttpClient-1-2] Brotli:38 - brotli4j not in the classpath; Brotli support will be unavailable.
2023-04-26 04:21:39,424 DEBUG [main] ThreadLocalRandom:214 - -Dio.netty.initialSeedUniquifier: 0x2f720eac5fc2463f
2023-04-26 04:21:39,622  INFO [main] Cucumber_Selenium_2023:34 - ************ Launching the browser*************
2023-04-26 04:21:41,991  INFO [main] Cucumber_Selenium_2023:43 - ************ Launching the https://admin-demo.nopcommerce.com/login*************
2023-04-26 04:21:42,261  INFO [main] Cucumber_Selenium_2023:51 - ************ Enetering username asadmin@yourstore.com*************
2023-04-26 04:21:42,517  INFO [main] Cucumber_Selenium_2023:53 - ************ Enetering password asadmin*************
2023-04-26 04:21:48,425  INFO [main] Cucumber_Selenium_2023:59 - ************ clicking on sign in button *************
2023-04-26 04:21:53,767  INFO [main] Cucumber_Selenium_2023:101 - ************ clicking on the customer menu *************
2023-04-26 04:22:01,757  INFO [main] Cucumber_Selenium_2023:110 - ************ clicking on the customer menu item *************
2023-04-26 04:22:09,126  INFO [main] Cucumber_Selenium_2023:119 - ************ clicking on the add new customer button *************
2023-04-26 04:22:17,810  INFO [main] Cucumber_Selenium_2023:145 - ************ customer information is added *************
2023-04-26 04:22:23,732  INFO [main] Cucumber_Selenium_2023:152 - ************ clicking on the save button *************
2023-04-26 04:22:24,815  INFO [main] Cucumber_Selenium_2023:158 - ************ Verified the successful message *************
2023-04-26 04:22:25,649  INFO [main] Cucumber_Selenium_2023:86 - ************ closing the browser *************
2023-04-26 04:22:28,171  INFO [main] Cucumber_Selenium_2023:34 - ************ Launching the browser*************
2023-04-26 04:22:30,399  INFO [main] Cucumber_Selenium_2023:43 - ************ Launching the https://admin-demo.nopcommerce.com/login*************
2023-04-26 04:22:30,634  INFO [main] Cucumber_Selenium_2023:51 - ************ Enetering username asadmin@yourstore.com*************
2023-04-26 04:22:30,815  INFO [main] Cucumber_Selenium_2023:53 - ************ Enetering password asadmin*************
2023-04-26 04:22:35,168  INFO [main] Cucumber_Selenium_2023:59 - ************ clicking on sign in button *************
2023-04-26 04:22:40,330  INFO [main] Cucumber_Selenium_2023:101 - ************ clicking on the customer menu *************
2023-04-26 04:22:47,526  INFO [main] Cucumber_Selenium_2023:110 - ************ clicking on the customer menu item *************
2023-04-26 04:22:48,331  INFO [main] Cucumber_Selenium_2023:168 - ************ Entering the email *************
2023-04-26 04:22:48,614  INFO [main] Cucumber_Selenium_2023:173 - ************ clicking the seach button *************
2023-04-26 04:22:52,046  INFO [main] Cucumber_Selenium_2023:86 - ************ closing the browser *************
2023-04-26 04:22:54,696  INFO [main] Cucumber_Selenium_2023:34 - ************ Launching the browser*************
2023-04-26 04:22:56,500  INFO [main] Cucumber_Selenium_2023:43 - ************ Launching the https://admin-demo.nopcommerce.com/login*************
2023-04-26 04:22:56,741  INFO [main] Cucumber_Selenium_2023:51 - ************ Enetering username asadmin@yourstore.com*************
2023-04-26 04:22:56,911  INFO [main] Cucumber_Selenium_2023:53 - ************ Enetering password asadmin*************
2023-04-26 04:23:00,719  INFO [main] Cucumber_Selenium_2023:59 - ************ clicking on sign in button *************
2023-04-26 04:23:05,918  INFO [main] Cucumber_Selenium_2023:101 - ************ clicking on the customer menu *************
2023-04-26 04:23:13,119  INFO [main] Cucumber_Selenium_2023:110 - ************ clicking on the customer menu item *************
2023-04-26 04:23:13,420  INFO [main] Cucumber_Selenium_2023:188 - ************ Entering the firstname *************
2023-04-26 04:23:13,676  INFO [main] Cucumber_Selenium_2023:194 - ************ Entering the lastname *************
2023-04-26 04:23:13,903  INFO [main] Cucumber_Selenium_2023:173 - ************ clicking the seach button *************
2023-04-26 04:23:17,255  INFO [main] Cucumber_Selenium_2023:86 - ************ closing the browser *************
2023-04-26 04:34:25,051 DEBUG [main] InternalLoggerFactory:89 - Using Log4J as the default logging framework
2023-04-26 04:34:25,285 DEBUG [main] ResourceLeakDetector:129 - -Dio.netty.leakDetection.level: simple
2023-04-26 04:34:25,342 DEBUG [main] ResourceLeakDetector:130 - -Dio.netty.leakDetection.targetRecords: 4
2023-04-26 04:34:25,629 DEBUG [main] ResourceLeakDetectorFactory:196 - Loaded default ResourceLeakDetector: io.netty.util.ResourceLeakDetector@7a639ec5
2023-04-26 04:34:26,234 DEBUG [main] PlatformDependent0:496 - -Dio.netty.noUnsafe: false
2023-04-26 04:34:26,235 DEBUG [main] PlatformDependent0:1000 - Java version: 11
2023-04-26 04:34:26,244 DEBUG [main] PlatformDependent0:137 - sun.misc.Unsafe.theUnsafe: available
2023-04-26 04:34:26,249 DEBUG [main] PlatformDependent0:161 - sun.misc.Unsafe.copyMemory: available
2023-04-26 04:34:26,255 DEBUG [main] PlatformDependent0:193 - sun.misc.Unsafe.storeFence: available
2023-04-26 04:34:26,262 DEBUG [main] PlatformDependent0:236 - java.nio.Buffer.address: available
2023-04-26 04:34:26,269 DEBUG [main] PlatformDependent0:320 - direct buffer constructor: unavailable: Reflective setAccessible(true) disabled
2023-04-26 04:34:26,290 DEBUG [main] PlatformDependent0:385 - java.nio.Bits.unaligned: available, true
2023-04-26 04:34:26,308 DEBUG [main] PlatformDependent0:452 - jdk.internal.misc.Unsafe.allocateUninitializedArray(int): unavailable: class io.netty.util.internal.PlatformDependent0$7 cannot access class jdk.internal.misc.Unsafe (in module java.base) because module java.base does not export jdk.internal.misc to unnamed module @2c5529ab
2023-04-26 04:34:26,370 DEBUG [main] PlatformDependent0:482 - java.nio.DirectByteBuffer.<init>(long, int): unavailable
2023-04-26 04:34:26,371 DEBUG [main] PlatformDependent:1159 - sun.misc.Unsafe: available
2023-04-26 04:34:26,382 DEBUG [main] PlatformDependent:1270 - maxDirectMemory: 1046478848 bytes (maybe)
2023-04-26 04:34:26,386 DEBUG [main] PlatformDependent:1289 - -Dio.netty.tmpdir: C:\Users\user\AppData\Local\Temp (java.io.tmpdir)
2023-04-26 04:34:26,387 DEBUG [main] PlatformDependent:1368 - -Dio.netty.bitMode: 64 (sun.arch.data.model)
2023-04-26 04:34:26,388 DEBUG [main] PlatformDependent:1119 - Platform: Windows
2023-04-26 04:34:26,392 DEBUG [main] PlatformDependent:178 - -Dio.netty.maxDirectMemory: -1 bytes
2023-04-26 04:34:26,396 DEBUG [main] PlatformDependent:185 - -Dio.netty.uninitializedArrayAllocationThreshold: -1
2023-04-26 04:34:26,401 DEBUG [main] CleanerJava9:71 - java.nio.ByteBuffer.cleaner(): available
2023-04-26 04:34:26,402 DEBUG [main] PlatformDependent:205 - -Dio.netty.noPreferDirect: false
2023-04-26 04:34:26,499 DEBUG [main] PlatformDependent:1010 - org.jctools-core.MpscChunkedArrayQueue: available
2023-04-26 04:34:26,618 DEBUG [main] InternalThreadLocalMap:100 - -Dio.netty.threadLocalMap.stringBuilder.initialSize: 1024
2023-04-26 04:34:26,644 DEBUG [main] InternalThreadLocalMap:101 - -Dio.netty.threadLocalMap.stringBuilder.maxSize: 4096
2023-04-26 04:34:27,254 DEBUG [main] JdkSslContext:83 - Default protocols (JDK): [TLSv1.3, TLSv1.2] 
2023-04-26 04:34:27,255 DEBUG [main] JdkSslContext:84 - Default cipher suites (JDK): [TLS_ECDHE_ECDSA_WITH_AES_256_GCM_SHA384, TLS_ECDHE_ECDSA_WITH_AES_128_GCM_SHA256, TLS_ECDHE_RSA_WITH_AES_128_GCM_SHA256, TLS_ECDHE_RSA_WITH_AES_256_GCM_SHA384, TLS_ECDHE_RSA_WITH_AES_128_CBC_SHA, TLS_ECDHE_RSA_WITH_AES_256_CBC_SHA, TLS_RSA_WITH_AES_128_GCM_SHA256, TLS_RSA_WITH_AES_128_CBC_SHA, TLS_RSA_WITH_AES_256_CBC_SHA, TLS_AES_128_GCM_SHA256, TLS_AES_256_GCM_SHA384]
2023-04-26 04:34:27,362 DEBUG [main] MultithreadEventLoopGroup:44 - -Dio.netty.eventLoopThreads: 8
2023-04-26 04:34:27,411 DEBUG [main] NioEventLoop:110 - -Dio.netty.noKeySetOptimization: false
2023-04-26 04:34:27,413 DEBUG [main] NioEventLoop:111 - -Dio.netty.selectorAutoRebuildThreshold: 512
2023-04-26 04:34:27,579 DEBUG [main] PooledByteBufAllocator:157 - -Dio.netty.allocator.numHeapArenas: 8
2023-04-26 04:34:27,580 DEBUG [main] PooledByteBufAllocator:158 - -Dio.netty.allocator.numDirectArenas: 8
2023-04-26 04:34:27,581 DEBUG [main] PooledByteBufAllocator:160 - -Dio.netty.allocator.pageSize: 8192
2023-04-26 04:34:27,582 DEBUG [main] PooledByteBufAllocator:165 - -Dio.netty.allocator.maxOrder: 9
2023-04-26 04:34:27,583 DEBUG [main] PooledByteBufAllocator:169 - -Dio.netty.allocator.chunkSize: 4194304
2023-04-26 04:34:27,584 DEBUG [main] PooledByteBufAllocator:170 - -Dio.netty.allocator.smallCacheSize: 256
2023-04-26 04:34:27,585 DEBUG [main] PooledByteBufAllocator:171 - -Dio.netty.allocator.normalCacheSize: 64
2023-04-26 04:34:27,586 DEBUG [main] PooledByteBufAllocator:172 - -Dio.netty.allocator.maxCachedBufferCapacity: 32768
2023-04-26 04:34:27,588 DEBUG [main] PooledByteBufAllocator:173 - -Dio.netty.allocator.cacheTrimInterval: 8192
2023-04-26 04:34:27,589 DEBUG [main] PooledByteBufAllocator:174 - -Dio.netty.allocator.cacheTrimIntervalMillis: 0
2023-04-26 04:34:27,590 DEBUG [main] PooledByteBufAllocator:175 - -Dio.netty.allocator.useCacheForAllThreads: false
2023-04-26 04:34:27,591 DEBUG [main] PooledByteBufAllocator:176 - -Dio.netty.allocator.maxCachedByteBuffersPerChunk: 1023
2023-04-26 04:34:27,648 DEBUG [main] ByteBufUtil:87 - -Dio.netty.allocator.type: pooled
2023-04-26 04:34:27,649 DEBUG [main] ByteBufUtil:96 - -Dio.netty.threadLocalDirectBufferSize: 0
2023-04-26 04:34:27,650 DEBUG [main] ByteBufUtil:99 - -Dio.netty.maxThreadLocalCharBufferSize: 16384
2023-04-26 04:34:29,464 DEBUG [Forwarding newSession on session null to remote] DefaultChannelId:79 - -Dio.netty.processId: 1816 (auto-detected)
2023-04-26 04:34:29,471 DEBUG [Forwarding newSession on session null to remote] NetUtil:142 - -Djava.net.preferIPv4Stack: false
2023-04-26 04:34:29,472 DEBUG [Forwarding newSession on session null to remote] NetUtil:143 - -Djava.net.preferIPv6Addresses: false
2023-04-26 04:34:29,882 DEBUG [Forwarding newSession on session null to remote] NetUtilInitializations:139 - Loopback interface: lo (Software Loopback Interface 1, 127.0.0.1)
2023-04-26 04:34:29,901 DEBUG [Forwarding newSession on session null to remote] NetUtil:200 - Failed to get SOMAXCONN from sysctl and file \proc\sys\net\core\somaxconn. Default: 200
2023-04-26 04:34:29,930 DEBUG [Forwarding newSession on session null to remote] DefaultChannelId:101 - -Dio.netty.machineId: 74:29:af:ff:fe:14:66:dd (auto-detected)
2023-04-26 04:34:30,208 DEBUG [AsyncHttpClient-1-2] AbstractByteBuf:63 - -Dio.netty.buffer.checkAccessible: true
2023-04-26 04:34:30,213 DEBUG [AsyncHttpClient-1-2] AbstractByteBuf:64 - -Dio.netty.buffer.checkBounds: true
2023-04-26 04:34:30,214 DEBUG [AsyncHttpClient-1-2] ResourceLeakDetectorFactory:196 - Loaded default ResourceLeakDetector: io.netty.util.ResourceLeakDetector@3f12c7a1
2023-04-26 04:34:30,326 DEBUG [AsyncHttpClient-1-2] Recycler:85 - -Dio.netty.recycler.maxCapacityPerThread: 4096
2023-04-26 04:34:30,327 DEBUG [AsyncHttpClient-1-2] Recycler:86 - -Dio.netty.recycler.ratio: 8
2023-04-26 04:34:30,328 DEBUG [AsyncHttpClient-1-2] Recycler:87 - -Dio.netty.recycler.chunkSize: 32
2023-04-26 04:34:30,328 DEBUG [AsyncHttpClient-1-2] Recycler:88 - -Dio.netty.recycler.blocking: false
2023-04-26 04:34:34,318 DEBUG [AsyncHttpClient-1-2] Brotli:38 - brotli4j not in the classpath; Brotli support will be unavailable.
2023-04-26 04:34:34,702 DEBUG [main] ThreadLocalRandom:214 - -Dio.netty.initialSeedUniquifier: 0xddbca677743fb755
2023-04-26 04:34:34,881  INFO [main] Cucumber_Selenium_2023:34 - ************ Launching the browser*************
2023-04-26 04:34:37,511  INFO [main] Cucumber_Selenium_2023:43 - ************ Launching the https://admin-demo.nopcommerce.com/login*************
2023-04-26 04:34:37,815  INFO [main] Cucumber_Selenium_2023:51 - ************ Enetering username asadmin@yourstore.com*************
2023-04-26 04:34:37,999  INFO [main] Cucumber_Selenium_2023:53 - ************ Enetering password asadmin*************
2023-04-26 04:34:44,719  INFO [main] Cucumber_Selenium_2023:59 - ************ clicking on sign in button *************
2023-04-26 04:34:49,920  INFO [main] Cucumber_Selenium_2023:101 - ************ clicking on the customer menu *************
2023-04-26 04:35:00,105  INFO [main] Cucumber_Selenium_2023:110 - ************ clicking on the customer menu item *************
2023-04-26 04:35:09,511  INFO [main] Cucumber_Selenium_2023:119 - ************ clicking on the add new customer button *************
2023-04-26 04:35:17,735  INFO [main] Cucumber_Selenium_2023:145 - ************ customer information is added *************
2023-04-26 04:35:25,732  INFO [main] Cucumber_Selenium_2023:152 - ************ clicking on the save button *************
2023-04-26 04:35:26,319  INFO [main] Cucumber_Selenium_2023:158 - ************ Verified the successful message *************
2023-04-26 04:35:26,586  INFO [main] Cucumber_Selenium_2023:86 - ************ closing the browser *************
2023-04-26 04:35:29,233  INFO [main] Cucumber_Selenium_2023:34 - ************ Launching the browser*************
2023-04-26 04:35:31,414  INFO [main] Cucumber_Selenium_2023:43 - ************ Launching the https://admin-demo.nopcommerce.com/login*************
2023-04-26 04:35:31,620  INFO [main] Cucumber_Selenium_2023:51 - ************ Enetering username asadmin@yourstore.com*************
2023-04-26 04:35:31,852  INFO [main] Cucumber_Selenium_2023:53 - ************ Enetering password asadmin*************
2023-04-26 04:35:37,076  INFO [main] Cucumber_Selenium_2023:59 - ************ clicking on sign in button *************
2023-04-26 04:35:42,233  INFO [main] Cucumber_Selenium_2023:101 - ************ clicking on the customer menu *************
2023-04-26 04:35:50,267  INFO [main] Cucumber_Selenium_2023:110 - ************ clicking on the customer menu item *************
2023-04-26 04:35:50,833  INFO [main] Cucumber_Selenium_2023:168 - ************ Entering the email *************
2023-04-26 04:35:51,045  INFO [main] Cucumber_Selenium_2023:173 - ************ clicking the seach button *************
2023-04-26 04:35:54,606  INFO [main] Cucumber_Selenium_2023:86 - ************ closing the browser *************
2023-04-26 04:35:56,734  INFO [main] Cucumber_Selenium_2023:34 - ************ Launching the browser*************
2023-04-26 04:35:57,976  INFO [main] Cucumber_Selenium_2023:43 - ************ Launching the https://admin-demo.nopcommerce.com/login*************
2023-04-26 04:35:58,257  INFO [main] Cucumber_Selenium_2023:51 - ************ Enetering username asadmin@yourstore.com*************
2023-04-26 04:35:58,496  INFO [main] Cucumber_Selenium_2023:53 - ************ Enetering password asadmin*************
2023-04-26 04:36:03,247  INFO [main] Cucumber_Selenium_2023:59 - ************ clicking on sign in button *************
2023-04-26 04:36:08,438  INFO [main] Cucumber_Selenium_2023:101 - ************ clicking on the customer menu *************
2023-04-26 04:36:16,119  INFO [main] Cucumber_Selenium_2023:110 - ************ clicking on the customer menu item *************
2023-04-26 04:36:16,522  INFO [main] Cucumber_Selenium_2023:188 - ************ Entering the firstname *************
2023-04-26 04:36:16,943  INFO [main] Cucumber_Selenium_2023:194 - ************ Entering the lastname *************
2023-04-26 04:36:17,329  INFO [main] Cucumber_Selenium_2023:173 - ************ clicking the seach button *************
2023-04-26 04:36:20,859  INFO [main] Cucumber_Selenium_2023:86 - ************ closing the browser *************
